============================= test session starts =============================
platform win32 -- Python 3.14.3, pytest-9.0.2, pluggy-1.6.0 -- C:\Users\HP\OneDrive\CodeRoad\myenv\Scripts\python.exe
cachedir: .pytest_cache
rootdir: C:\Users\HP\OneDrive\CodeRoad
plugins: anyio-4.12.1, asyncio-1.3.0
asyncio: mode=Mode.STRICT, debug=False, asyncio_default_fixture_loop_scope=None, asyncio_default_test_loop_scope=function
collecting ... collected 17 items

test_api.py::test_health PASSED                                          [  5%]
test_api.py::test_root PASSED                                            [ 11%]
test_api.py::test_auth_register PASSED                                   [ 17%]
test_api.py::test_auth_login PASSED                                      [ 23%]
test_api.py::test_challenge_generate ERROR                               [ 29%]
test_api_integration.py::test_challenge_generation PASSED                [ 35%]
test_backend_imports.py::test_imports PASSED                             [ 41%]
test_backend_imports.py::test_challenge_service PASSED                   [ 47%]
test_backend_imports.py::test_ml_generators PASSED                       [ 52%]
backend/test_challenge_service_robust.py::test_service_initialization PASSED [ 58%]
backend/test_challenge_service_robust.py::test_template_challenge_generation PASSED [ 64%]
backend/test_challenge_service_robust.py::test_ai_challenge_generation PASSED [ 70%]
backend/test_challenge_service_robust.py::test_fallback_mechanism PASSED [ 76%]
backend/test_challenge_service_robust.py::test_difficulty_adaptation PASSED [ 82%]
backend/test_challenge_service_robust.py::test_singleton PASSED          [ 88%]
backend/test_challenge_service_robust.py::test_all_domains PASSED        [ 94%]
backend/test_challenge_service_robust.py::test_challenge_structure PASSED [100%]

=================================== ERRORS ====================================
__________________ ERROR at setup of test_challenge_generate __________________
file C:\Users\HP\OneDrive\CodeRoad\test_api.py, line 74
  def test_challenge_generate(token):
E       fixture 'token' not found
>       available fixtures: _class_scoped_runner, _function_scoped_runner, _module_scoped_runner, _package_scoped_runner, _session_scoped_runner, anyio_backend, anyio_backend_name, anyio_backend_options, cache, capfd, capfdbinary, caplog, capsys, capsysbinary, capteesys, doctest_namespace, event_loop_policy, free_tcp_port, free_tcp_port_factory, free_udp_port, free_udp_port_factory, monkeypatch, pytestconfig, record_property, record_testsuite_property, record_xml_attribute, recwarn, subtests, tmp_path, tmp_path_factory, tmpdir, tmpdir_factory, unused_tcp_port, unused_tcp_port_factory, unused_udp_port, unused_udp_port_factory
>       use 'pytest --fixtures [testpath]' for help on them.

C:\Users\HP\OneDrive\CodeRoad\test_api.py:74
============================== warnings summary ===============================
backend\app\config.py:8
  C:\Users\HP\OneDrive\CodeRoad\backend\app\config.py:8: PydanticDeprecatedSince20: Support for class-based `config` is deprecated, use ConfigDict instead. Deprecated in Pydantic V2.0 to be removed in V3.0. See Pydantic V2 Migration Guide at https://errors.pydantic.dev/2.12/migration/
    class Settings(BaseSettings):

backend\app\core\database.py:32
  C:\Users\HP\OneDrive\CodeRoad\backend\app\core\database.py:32: MovedIn20Warning: The ``declarative_base()`` function is now available as sqlalchemy.orm.declarative_base(). (deprecated since: 2.0) (Background on SQLAlchemy 2.0 at: https://sqlalche.me/e/b8d9)
    Base = declarative_base()

backend\app\schemas\player_schema.py:5
  C:\Users\HP\OneDrive\CodeRoad\backend\app\schemas\player_schema.py:5: PydanticDeprecatedSince20: Support for class-based `config` is deprecated, use ConfigDict instead. Deprecated in Pydantic V2.0 to be removed in V3.0. See Pydantic V2 Migration Guide at https://errors.pydantic.dev/2.12/migration/
    class PlayerRegister(BaseModel):

backend\app\schemas\player_schema.py:20
  C:\Users\HP\OneDrive\CodeRoad\backend\app\schemas\player_schema.py:20: PydanticDeprecatedSince20: Support for class-based `config` is deprecated, use ConfigDict instead. Deprecated in Pydantic V2.0 to be removed in V3.0. See Pydantic V2 Migration Guide at https://errors.pydantic.dev/2.12/migration/
    class PlayerLogin(BaseModel):

backend\app\schemas\player_schema.py:33
  C:\Users\HP\OneDrive\CodeRoad\backend\app\schemas\player_schema.py:33: PydanticDeprecatedSince20: Support for class-based `config` is deprecated, use ConfigDict instead. Deprecated in Pydantic V2.0 to be removed in V3.0. See Pydantic V2 Migration Guide at https://errors.pydantic.dev/2.12/migration/
    class PlayerResponse(BaseModel):

backend\app\schemas\player_schema.py:50
  C:\Users\HP\OneDrive\CodeRoad\backend\app\schemas\player_schema.py:50: PydanticDeprecatedSince20: Support for class-based `config` is deprecated, use ConfigDict instead. Deprecated in Pydantic V2.0 to be removed in V3.0. See Pydantic V2 Migration Guide at https://errors.pydantic.dev/2.12/migration/
    class TokenResponse(BaseModel):

backend\app\schemas\player_schema.py:77
  C:\Users\HP\OneDrive\CodeRoad\backend\app\schemas\player_schema.py:77: PydanticDeprecatedSince20: Support for class-based `config` is deprecated, use ConfigDict instead. Deprecated in Pydantic V2.0 to be removed in V3.0. See Pydantic V2 Migration Guide at https://errors.pydantic.dev/2.12/migration/
    class PlayerStatsResponse(BaseModel):

backend\app\schemas\player_schema.py:97
  C:\Users\HP\OneDrive\CodeRoad\backend\app\schemas\player_schema.py:97: PydanticDeprecatedSince20: Support for class-based `config` is deprecated, use ConfigDict instead. Deprecated in Pydantic V2.0 to be removed in V3.0. See Pydantic V2 Migration Guide at https://errors.pydantic.dev/2.12/migration/
    class PlayerLeaderboardEntry(BaseModel):

backend\app\schemas\match_schema.py:5
  C:\Users\HP\OneDrive\CodeRoad\backend\app\schemas\match_schema.py:5: PydanticDeprecatedSince20: Support for class-based `config` is deprecated, use ConfigDict instead. Deprecated in Pydantic V2.0 to be removed in V3.0. See Pydantic V2 Migration Guide at https://errors.pydantic.dev/2.12/migration/
    class QueueJoinRequest(BaseModel):

backend\app\schemas\match_schema.py:24
  C:\Users\HP\OneDrive\CodeRoad\backend\app\schemas\match_schema.py:24: PydanticDeprecatedSince20: Support for class-based `config` is deprecated, use ConfigDict instead. Deprecated in Pydantic V2.0 to be removed in V3.0. See Pydantic V2 Migration Guide at https://errors.pydantic.dev/2.12/migration/
    class PlayerMatchInfo(BaseModel):

backend\app\schemas\match_schema.py:35
  C:\Users\HP\OneDrive\CodeRoad\backend\app\schemas\match_schema.py:35: PydanticDeprecatedSince20: Support for class-based `config` is deprecated, use ConfigDict instead. Deprecated in Pydantic V2.0 to be removed in V3.0. See Pydantic V2 Migration Guide at https://errors.pydantic.dev/2.12/migration/
    class MatchResponse(BaseModel):

backend\app\schemas\match_schema.py:57
  C:\Users\HP\OneDrive\CodeRoad\backend\app\schemas\match_schema.py:57: PydanticDeprecatedSince20: Support for class-based `config` is deprecated, use ConfigDict instead. Deprecated in Pydantic V2.0 to be removed in V3.0. See Pydantic V2 Migration Guide at https://errors.pydantic.dev/2.12/migration/
    class MatchListResponse(BaseModel):

backend\app\schemas\match_schema.py:65
  C:\Users\HP\OneDrive\CodeRoad\backend\app\schemas\match_schema.py:65: PydanticDeprecatedSince20: Support for class-based `config` is deprecated, use ConfigDict instead. Deprecated in Pydantic V2.0 to be removed in V3.0. See Pydantic V2 Migration Guide at https://errors.pydantic.dev/2.12/migration/
    class PlayerDoneRequest(BaseModel):

backend\app\schemas\match_schema.py:76
  C:\Users\HP\OneDrive\CodeRoad\backend\app\schemas\match_schema.py:76: PydanticDeprecatedSince20: Support for class-based `config` is deprecated, use ConfigDict instead. Deprecated in Pydantic V2.0 to be removed in V3.0. See Pydantic V2 Migration Guide at https://errors.pydantic.dev/2.12/migration/
    class MatchConclusionResponse(BaseModel):

backend\app\schemas\submission_schema.py:5
  C:\Users\HP\OneDrive\CodeRoad\backend\app\schemas\submission_schema.py:5: PydanticDeprecatedSince20: Support for class-based `config` is deprecated, use ConfigDict instead. Deprecated in Pydantic V2.0 to be removed in V3.0. See Pydantic V2 Migration Guide at https://errors.pydantic.dev/2.12/migration/
    class CodeSubmissionRequest(BaseModel):

backend\app\schemas\submission_schema.py:28
  C:\Users\HP\OneDrive\CodeRoad\backend\app\schemas\submission_schema.py:28: PydanticDeprecatedSince20: Support for class-based `config` is deprecated, use ConfigDict instead. Deprecated in Pydantic V2.0 to be removed in V3.0. See Pydantic V2 Migration Guide at https://errors.pydantic.dev/2.12/migration/
    class SubmissionResponse(BaseModel):

backend\app\schemas\submission_schema.py:72
  C:\Users\HP\OneDrive\CodeRoad\backend\app\schemas\submission_schema.py:72: PydanticDeprecatedSince20: Support for class-based `config` is deprecated, use ConfigDict instead. Deprecated in Pydantic V2.0 to be removed in V3.0. See Pydantic V2 Migration Guide at https://errors.pydantic.dev/2.12/migration/
    class SubmissionDetailResponse(SubmissionResponse):

backend\app\schemas\submission_schema.py:80
  C:\Users\HP\OneDrive\CodeRoad\backend\app\schemas\submission_schema.py:80: PydanticDeprecatedSince20: Support for class-based `config` is deprecated, use ConfigDict instead. Deprecated in Pydantic V2.0 to be removed in V3.0. See Pydantic V2 Migration Guide at https://errors.pydantic.dev/2.12/migration/
    class SubmissionListResponse(BaseModel):

backend\app\services\challenge_service.py:103
test_api_integration.py::test_challenge_generation
test_api_integration.py::test_challenge_generation
test_api_integration.py::test_challenge_generation
  C:\Users\HP\OneDrive\CodeRoad\backend\app\services\challenge_service.py:103: DeprecationWarning: datetime.datetime.utcnow() is deprecated and scheduled for removal in a future version. Use timezone-aware objects to represent datetimes in UTC: datetime.datetime.now(datetime.UTC).
    challenge['generated_at'] = datetime.utcnow().isoformat()

test_api.py::test_health
  C:\Users\HP\OneDrive\CodeRoad\myenv\Lib\site-packages\_pytest\python.py:170: PytestReturnNotNoneWarning: Test functions should return None, but test_api.py::test_health returned <class 'bool'>.
  Did you mean to use `assert` instead of `return`?
  See https://docs.pytest.org/en/stable/how-to/assert.html#return-not-none for more information.
    warnings.warn(

test_api.py::test_root
  C:\Users\HP\OneDrive\CodeRoad\myenv\Lib\site-packages\_pytest\python.py:170: PytestReturnNotNoneWarning: Test functions should return None, but test_api.py::test_root returned <class 'bool'>.
  Did you mean to use `assert` instead of `return`?
  See https://docs.pytest.org/en/stable/how-to/assert.html#return-not-none for more information.
    warnings.warn(

test_api.py::test_auth_register
  C:\Users\HP\OneDrive\CodeRoad\myenv\Lib\site-packages\_pytest\python.py:170: PytestReturnNotNoneWarning: Test functions should return None, but test_api.py::test_auth_register returned <class 'bool'>.
  Did you mean to use `assert` instead of `return`?
  See https://docs.pytest.org/en/stable/how-to/assert.html#return-not-none for more information.
    warnings.warn(

test_api.py::test_auth_login
  C:\Users\HP\OneDrive\CodeRoad\myenv\Lib\site-packages\_pytest\python.py:170: PytestReturnNotNoneWarning: Test functions should return None, but test_api.py::test_auth_login returned <class 'tuple'>.
  Did you mean to use `assert` instead of `return`?
  See https://docs.pytest.org/en/stable/how-to/assert.html#return-not-none for more information.
    warnings.warn(

test_api_integration.py::test_challenge_generation
  C:\Users\HP\OneDrive\CodeRoad\myenv\Lib\site-packages\_pytest\python.py:170: PytestReturnNotNoneWarning: Test functions should return None, but test_api_integration.py::test_challenge_generation returned <class 'bool'>.
  Did you mean to use `assert` instead of `return`?
  See https://docs.pytest.org/en/stable/how-to/assert.html#return-not-none for more information.
    warnings.warn(

test_backend_imports.py::test_imports
  C:\Users\HP\OneDrive\CodeRoad\myenv\Lib\site-packages\_pytest\python.py:170: PytestReturnNotNoneWarning: Test functions should return None, but test_backend_imports.py::test_imports returned <class 'list'>.
  Did you mean to use `assert` instead of `return`?
  See https://docs.pytest.org/en/stable/how-to/assert.html#return-not-none for more information.
    warnings.warn(

test_backend_imports.py::test_challenge_service
backend/test_challenge_service_robust.py::test_template_challenge_generation
backend/test_challenge_service_robust.py::test_template_challenge_generation
backend/test_challenge_service_robust.py::test_template_challenge_generation
backend/test_challenge_service_robust.py::test_fallback_mechanism
backend/test_challenge_service_robust.py::test_all_domains
backend/test_challenge_service_robust.py::test_all_domains
backend/test_challenge_service_robust.py::test_all_domains
backend/test_challenge_service_robust.py::test_challenge_structure
  C:\Users\HP\OneDrive\CodeRoad\backend\app\services\challenge_service_fixed.py:103: DeprecationWarning: datetime.datetime.utcnow() is deprecated and scheduled for removal in a future version. Use timezone-aware objects to represent datetimes in UTC: datetime.datetime.now(datetime.UTC).
    challenge['generated_at'] = datetime.utcnow().isoformat()

test_backend_imports.py::test_challenge_service
  C:\Users\HP\OneDrive\CodeRoad\myenv\Lib\site-packages\_pytest\python.py:170: PytestReturnNotNoneWarning: Test functions should return None, but test_backend_imports.py::test_challenge_service returned <class 'bool'>.
  Did you mean to use `assert` instead of `return`?
  See https://docs.pytest.org/en/stable/how-to/assert.html#return-not-none for more information.
    warnings.warn(

test_backend_imports.py::test_ml_generators
  C:\Users\HP\OneDrive\CodeRoad\myenv\Lib\site-packages\_pytest\python.py:170: PytestReturnNotNoneWarning: Test functions should return None, but test_backend_imports.py::test_ml_generators returned <class 'bool'>.
  Did you mean to use `assert` instead of `return`?
  See https://docs.pytest.org/en/stable/how-to/assert.html#return-not-none for more information.
    warnings.warn(

backend/test_challenge_service_robust.py::test_service_initialization
  C:\Users\HP\OneDrive\CodeRoad\myenv\Lib\site-packages\_pytest\python.py:170: PytestReturnNotNoneWarning: Test functions should return None, but backend/test_challenge_service_robust.py::test_service_initialization returned <class 'bool'>.
  Did you mean to use `assert` instead of `return`?
  See https://docs.pytest.org/en/stable/how-to/assert.html#return-not-none for more information.
    warnings.warn(

backend/test_challenge_service_robust.py::test_template_challenge_generation
  C:\Users\HP\OneDrive\CodeRoad\myenv\Lib\site-packages\_pytest\python.py:170: PytestReturnNotNoneWarning: Test functions should return None, but backend/test_challenge_service_robust.py::test_template_challenge_generation returned <class 'bool'>.
  Did you mean to use `assert` instead of `return`?
  See https://docs.pytest.org/en/stable/how-to/assert.html#return-not-none for more information.
    warnings.warn(

backend/test_challenge_service_robust.py::test_ai_challenge_generation
  C:\Users\HP\OneDrive\CodeRoad\myenv\Lib\site-packages\_pytest\python.py:170: PytestReturnNotNoneWarning: Test functions should return None, but backend/test_challenge_service_robust.py::test_ai_challenge_generation returned <class 'bool'>.
  Did you mean to use `assert` instead of `return`?
  See https://docs.pytest.org/en/stable/how-to/assert.html#return-not-none for more information.
    warnings.warn(

backend/test_challenge_service_robust.py::test_fallback_mechanism
  C:\Users\HP\OneDrive\CodeRoad\myenv\Lib\site-packages\_pytest\python.py:170: PytestReturnNotNoneWarning: Test functions should return None, but backend/test_challenge_service_robust.py::test_fallback_mechanism returned <class 'bool'>.
  Did you mean to use `assert` instead of `return`?
  See https://docs.pytest.org/en/stable/how-to/assert.html#return-not-none for more information.
    warnings.warn(

backend/test_challenge_service_robust.py::test_difficulty_adaptation
  C:\Users\HP\OneDrive\CodeRoad\myenv\Lib\site-packages\_pytest\python.py:170: PytestReturnNotNoneWarning: Test functions should return None, but backend/test_challenge_service_robust.py::test_difficulty_adaptation returned <class 'bool'>.
  Did you mean to use `assert` instead of `return`?
  See https://docs.pytest.org/en/stable/how-to/assert.html#return-not-none for more information.
    warnings.warn(

backend/test_challenge_service_robust.py::test_singleton
  C:\Users\HP\OneDrive\CodeRoad\myenv\Lib\site-packages\_pytest\python.py:170: PytestReturnNotNoneWarning: Test functions should return None, but backend/test_challenge_service_robust.py::test_singleton returned <class 'bool'>.
  Did you mean to use `assert` instead of `return`?
  See https://docs.pytest.org/en/stable/how-to/assert.html#return-not-none for more information.
    warnings.warn(

backend/test_challenge_service_robust.py::test_all_domains
  C:\Users\HP\OneDrive\CodeRoad\myenv\Lib\site-packages\_pytest\python.py:170: PytestReturnNotNoneWarning: Test functions should return None, but backend/test_challenge_service_robust.py::test_all_domains returned <class 'bool'>.
  Did you mean to use `assert` instead of `return`?
  See https://docs.pytest.org/en/stable/how-to/assert.html#return-not-none for more information.
    warnings.warn(

backend/test_challenge_service_robust.py::test_challenge_structure
  C:\Users\HP\OneDrive\CodeRoad\myenv\Lib\site-packages\_pytest\python.py:170: PytestReturnNotNoneWarning: Test functions should return None, but backend/test_challenge_service_robust.py::test_challenge_structure returned <class 'bool'>.
  Did you mean to use `assert` instead of `return`?
  See https://docs.pytest.org/en/stable/how-to/assert.html#return-not-none for more information.
    warnings.warn(

-- Docs: https://docs.pytest.org/en/stable/how-to/capture-warnings.html
=========================== short test summary info ===========================
ERROR test_api.py::test_challenge_generate
================== 16 passed, 47 warnings, 1 error in 25.57s ==================
